<?xml version="1.0" encoding="UTF-8"?>
<!-- Generated by org.testng.reporters.JUnitReportReporter -->
<testsuite hostname="DESKTOP-E523N8P" failures="0" tests="5" name="shopping.Customer" time="0.032" errors="0" timestamp="2025-04-24T12:01:05 IST" skipped="0">
  <testcase classname="shopping.Customer" name="logout" time="0.008"/>
  <testcase classname="shopping.Customer" name="profile" time="0.005"/>
  <testcase classname="shopping.Customer" name="changePass" time="0.008"/>
  <testcase classname="shopping.Customer" name="login" time="0.004"/>
  <testcase classname="shopping.Customer" name="CA" time="0.007"/>
</testsuite> <!-- shopping.Customer -->
