<?xml version="1.0" encoding="UTF-8"?>
<!-- Generated by org.testng.reporters.JUnitReportReporter -->
<testsuite hostname="DESKTOP-E523N8P" failures="0" tests="1" name="project.Login" time="13.438" errors="0" timestamp="2025-04-24T17:21:08 IST" skipped="0">
  <testcase classname="project.Login" name="loginTest" time="13.438"/>
</testsuite> <!-- project.Login -->
