<?xml version="1.0" encoding="UTF-8"?>
<!-- Generated by org.testng.reporters.JUnitReportReporter -->
<testsuite hostname="DESKTOP-E523N8P" failures="0" tests="4" name="Parameters.Login2" time="1.518" errors="0" timestamp="2025-04-25T14:29:31 IST" skipped="0">
  <testcase classname="Parameters.Login2" name="login" time="0.420"/>
  <testcase classname="Parameters.Login2" name="login" time="0.405"/>
  <testcase classname="Parameters.Login2" name="login" time="0.369"/>
  <testcase classname="Parameters.Login2" name="login" time="0.324"/>
</testsuite> <!-- Parameters.Login2 -->
