<?xml version="1.0" encoding="UTF-8"?>
<!-- Generated by org.testng.reporters.JUnitReportReporter -->
<testsuite hostname="DESKTOP-E523N8P" failures="0" tests="3" name="project.First" time="0.028" errors="0" timestamp="2025-04-24T11:28:22 IST" skipped="0">
  <testcase classname="project.First" name="test2" time="0.003"/>
  <testcase classname="project.First" name="test3" time="0.003"/>
  <testcase classname="project.First" name="test1" time="0.022"/>
</testsuite> <!-- project.First -->
