<?xml version="1.0" encoding="UTF-8"?>
<!-- Generated by org.testng.reporters.JUnitReportReporter -->
<testsuite hostname="DESKTOP-E523N8P" failures="0" tests="1" name="project.Priority" time="0.026" errors="0" timestamp="2025-04-24T11:39:27 IST" skipped="0">
  <testcase classname="project.Priority" name="CA" time="0.026"/>
</testsuite> <!-- project.Priority -->
