<?xml version="1.0" encoding="UTF-8"?>
<!-- Generated by org.testng.reporters.JUnitReportReporter -->
<testsuite hostname="DESKTOP-E523N8P" failures="0" tests="2" name="Annotations.AllAnno" time="0.042" errors="0" timestamp="2025-04-25T14:33:30 IST" skipped="0">
  <testcase classname="Annotations.AllAnno" name="test" time="0.034"/>
  <testcase classname="Annotations.AllAnno" name="test2" time="0.008"/>
</testsuite> <!-- Annotations.AllAnno -->
