<?xml version="1.0" encoding="UTF-8"?>
<!-- Generated by org.testng.reporters.JUnitReportReporter -->
<testsuite hostname="DESKTOP-E523N8P" failures="0" tests="1" name="shopping.SellerProduct" time="0.023" errors="0" timestamp="2025-04-24T14:13:37 IST" skipped="0">
  <testcase classname="shopping.SellerProduct" name="manage" time="0.023"/>
</testsuite> <!-- shopping.SellerProduct -->
