<?xml version="1.0" encoding="UTF-8"?>
<!-- Generated by org.testng.reporters.JUnitReportReporter -->
<testsuite hostname="DESKTOP-E523N8P" failures="0" tests="1" name="shopping.Payment" time="0.025" errors="0" timestamp="2025-04-24T12:08:45 IST" skipped="0">
  <testcase classname="shopping.Payment" name="creditCard" time="0.025"/>
</testsuite> <!-- shopping.Payment -->
